{"/Users/a1/Programming/Microverse/Module_2 -- JS 2.0/week_5/temp1/JS-Capstone-project/src/js/itemCounter.js": {"path":"/Users/a1/Programming/Microverse/Module_2 -- JS 2.0/week_5/temp1/JS-Capstone-project/src/js/itemCounter.js","statementMap":{"0":{"start":{"line":2,"column":2},"end":{"line":2,"column":22}}},"fnMap":{"0":{"name":"itemCounter","decl":{"start":{"line":1,"column":9},"end":{"line":1,"column":20}},"loc":{"start":{"line":1,"column":28},"end":{"line":3,"column":1}},"line":1}},"branchMap":{},"s":{"0":1},"f":{"0":1},"b":{},"_coverageSchema":"1a1c01bbd47fc00a2c39e90264f33305004495a9","hash":"9e05b40bddd9475b46caf8241db169cff6ba3695"}
}
