{"/home/anderson/Documents/microvers documents/MODULE 2 JAVASCRIPT/week 5/JS-Capstone-project/src/js/countCommnets.js": {"path":"/home/anderson/Documents/microvers documents/MODULE 2 JAVASCRIPT/week 5/JS-Capstone-project/src/js/countCommnets.js","statementMap":{"0":{"start":{"line":1,"column":23},"end":{"line":1,"column":52}},"1":{"start":{"line":1,"column":37},"end":{"line":1,"column":52}}},"fnMap":{"0":{"name":"(anonymous_0)","decl":{"start":{"line":1,"column":23},"end":{"line":1,"column":24}},"loc":{"start":{"line":1,"column":37},"end":{"line":1,"column":52}},"line":1}},"branchMap":{},"s":{"0":1,"1":2},"f":{"0":2},"b":{},"_coverageSchema":"1a1c01bbd47fc00a2c39e90264f33305004495a9","hash":"b993df7b9a29d9f599431359f5d6fcb53a76ff6c"}
,"/home/anderson/Documents/microvers documents/MODULE 2 JAVASCRIPT/week 5/JS-Capstone-project/src/js/itemCounter.js": {"path":"/home/anderson/Documents/microvers documents/MODULE 2 JAVASCRIPT/week 5/JS-Capstone-project/src/js/itemCounter.js","statementMap":{"0":{"start":{"line":2,"column":2},"end":{"line":2,"column":22}}},"fnMap":{"0":{"name":"itemCounter","decl":{"start":{"line":1,"column":9},"end":{"line":1,"column":20}},"loc":{"start":{"line":1,"column":28},"end":{"line":3,"column":1}},"line":1}},"branchMap":{},"s":{"0":1},"f":{"0":1},"b":{},"_coverageSchema":"1a1c01bbd47fc00a2c39e90264f33305004495a9","hash":"72ad2217673568753f25175531afa7d62ae08e61"}
}
